<?xml version="1.0" encoding="UTF-8"?>
<!-- Generated by org.testng.reporters.JUnitReportReporter -->
<testsuite hostname="Mudunuri" failures="0" tests="2" name="TestCases.TC_PetStoreAPIs" time="3.878" errors="0" timestamp="2022-10-10T23:56:02 CDT" skipped="0">
  <testcase classname="TestCases.TC_PetStoreAPIs" name="TC01_Get_Inventory" time="2.234"/>
  <system-out/>
  <testcase classname="TestCases.TC_PetStoreAPIs" name="TC02_Post_Order" time="1.644"/>
  <system-out/>
</testsuite> <!-- TestCases.TC_PetStoreAPIs -->
